<?xml version="1.0" encoding="UTF-8"?>
<coverage generated="1776577487537" clover="3.2.0">
  <project timestamp="1776577487537" name="All files">
    <metrics statements="14" coveredstatements="14" conditionals="26" coveredconditionals="26" methods="1" coveredmethods="1" elements="41" coveredelements="41" complexity="0" loc="14" ncloc="14" packages="1" files="1" classes="1"/>
    <file name="triangle.js" path="/Users/gladysperez/triangle-classification/triangle.js">
      <metrics statements="14" coveredstatements="14" conditionals="26" coveredconditionals="26" methods="1" coveredmethods="1"/>
      <line num="3" count="18" type="cond" truecount="2" falsecount="0"/>
      <line num="4" count="2" type="stmt"/>
      <line num="8" count="16" type="cond" truecount="5" falsecount="0"/>
      <line num="9" count="1" type="stmt"/>
      <line num="13" count="15" type="cond" truecount="5" falsecount="0"/>
      <line num="14" count="2" type="stmt"/>
      <line num="18" count="13" type="cond" truecount="5" falsecount="0"/>
      <line num="19" count="3" type="stmt"/>
      <line num="23" count="10" type="cond" truecount="4" falsecount="0"/>
      <line num="24" count="3" type="stmt"/>
      <line num="27" count="7" type="cond" truecount="5" falsecount="0"/>
      <line num="28" count="5" type="stmt"/>
      <line num="31" count="2" type="stmt"/>
      <line num="34" count="1" type="stmt"/>
    </file>
  </project>
</coverage>
