TN:
SF:triangle.js
FN:1,clasificarTriangulo
FNF:1
FNH:1
FNDA:18,clasificarTriangulo
DA:3,18
DA:4,2
DA:8,16
DA:9,1
DA:13,15
DA:14,2
DA:18,13
DA:19,3
DA:23,10
DA:24,3
DA:27,7
DA:28,5
DA:31,2
DA:34,1
LF:14
LH:14
BRDA:3,0,0,2
BRDA:3,0,1,16
BRDA:8,1,0,1
BRDA:8,1,1,15
BRDA:8,2,0,16
BRDA:8,2,1,15
BRDA:8,2,2,15
BRDA:13,3,0,2
BRDA:13,3,1,13
BRDA:13,4,0,15
BRDA:13,4,1,13
BRDA:13,4,2,13
BRDA:18,5,0,3
BRDA:18,5,1,10
BRDA:18,6,0,13
BRDA:18,6,1,11
BRDA:18,6,2,11
BRDA:23,7,0,3
BRDA:23,7,1,7
BRDA:23,8,0,10
BRDA:23,8,1,5
BRDA:27,9,0,5
BRDA:27,9,1,2
BRDA:27,10,0,7
BRDA:27,10,1,5
BRDA:27,10,2,3
BRF:26
BRH:26
end_of_record
